2026-02-25 04:53:30.249 [main] INFO  com.cryptorate.CryptoRateApplication - Starting CryptoRateApplication using Java 17.0.10 with PID 26600 (C:\Users\ASUS\Desktop\毕业设计\CryptoRate\target\classes started by ASUS in C:\Users\ASUS\Desktop\毕业设计\CryptoRate)
2026-02-25 04:53:30.258 [main] DEBUG com.cryptorate.CryptoRateApplication - Running with Spring Boot v3.2.2, Spring v6.1.3
2026-02-25 04:53:30.259 [main] INFO  com.cryptorate.CryptoRateApplication - No active profile set, falling back to 1 default profile: "default"
2026-02-25 04:53:31.236 [main] INFO  o.s.boot.web.embedded.tomcat.TomcatWebServer - Tomcat initialized with port 8080 (http)
2026-02-25 04:53:31.247 [main] INFO  org.apache.catalina.core.StandardService - Starting service [Tomcat]
2026-02-25 04:53:31.249 [main] INFO  org.apache.catalina.core.StandardEngine - Starting Servlet engine: [Apache Tomcat/10.1.18]
2026-02-25 04:53:31.305 [main] INFO  o.a.c.core.ContainerBase.[Tomcat].[localhost].[/] - Initializing Spring embedded WebApplicationContext
2026-02-25 04:53:31.307 [main] INFO  o.s.b.w.s.c.ServletWebServerApplicationContext - Root WebApplicationContext: initialization completed in 994 ms
2026-02-25 04:53:32.125 [main] INFO  o.s.boot.web.embedded.tomcat.TomcatWebServer - Tomcat started on port 8080 (http) with context path ''
2026-02-25 04:53:32.135 [main] INFO  com.cryptorate.CryptoRateApplication - Started CryptoRateApplication in 2.462 seconds (process running for 3.295)
2026-02-25 05:01:20.451 [main] INFO  com.cryptorate.CryptoRateApplication - Starting CryptoRateApplication using Java 17.0.10 with PID 27660 (C:\Users\ASUS\Desktop\毕业设计\CryptoRate\target\classes started by ASUS in C:\Users\ASUS\Desktop\毕业设计\CryptoRate)
2026-02-25 05:01:20.453 [main] DEBUG com.cryptorate.CryptoRateApplication - Running with Spring Boot v3.2.2, Spring v6.1.3
2026-02-25 05:01:20.454 [main] INFO  com.cryptorate.CryptoRateApplication - No active profile set, falling back to 1 default profile: "default"
2026-02-25 05:01:21.270 [main] INFO  o.s.boot.web.embedded.tomcat.TomcatWebServer - Tomcat initialized with port 8080 (http)
2026-02-25 05:01:21.277 [main] INFO  org.apache.catalina.core.StandardService - Starting service [Tomcat]
2026-02-25 05:01:21.277 [main] INFO  org.apache.catalina.core.StandardEngine - Starting Servlet engine: [Apache Tomcat/10.1.18]
2026-02-25 05:01:21.323 [main] INFO  o.a.c.core.ContainerBase.[Tomcat].[localhost].[/] - Initializing Spring embedded WebApplicationContext
2026-02-25 05:01:21.323 [main] INFO  o.s.b.w.s.c.ServletWebServerApplicationContext - Root WebApplicationContext: initialization completed in 831 ms
2026-02-25 05:01:21.943 [main] INFO  o.s.boot.web.embedded.tomcat.TomcatWebServer - Tomcat started on port 8080 (http) with context path ''
2026-02-25 05:01:21.951 [main] INFO  com.cryptorate.CryptoRateApplication - Started CryptoRateApplication in 1.904 seconds (process running for 2.46)
2026-02-25 05:01:45.728 [http-nio-8080-exec-1] INFO  o.a.c.core.ContainerBase.[Tomcat].[localhost].[/] - Initializing Spring DispatcherServlet 'dispatcherServlet'
2026-02-25 05:01:45.729 [http-nio-8080-exec-1] INFO  org.springframework.web.servlet.DispatcherServlet - Initializing Servlet 'dispatcherServlet'
2026-02-25 05:01:45.729 [http-nio-8080-exec-1] INFO  org.springframework.web.servlet.DispatcherServlet - Completed initialization in 0 ms
2026-02-25 05:01:45.786 [http-nio-8080-exec-1] INFO  com.cryptorate.controller.RateController - 接收到获取币种列表请求
2026-02-25 05:01:45.786 [http-nio-8080-exec-1] INFO  com.cryptorate.service.RateService - 获取系统支持的币种
2026-02-25 05:01:45.795 [http-nio-8080-exec-9] INFO  com.cryptorate.controller.RateController - 接收到查询历史汇率请求，币种: BTC, 时间范围: 2026-02-18 - 2026-02-25
2026-02-25 05:01:45.795 [http-nio-8080-exec-10] INFO  com.cryptorate.controller.RateController - 接收到获取最新汇率请求，筛选币种: null
2026-02-25 05:01:45.795 [http-nio-8080-exec-4] INFO  com.cryptorate.controller.StatsController - 接收到获取统计摘要请求，币种: BTC, 范围: 7d
2026-02-25 05:01:45.798 [http-nio-8080-exec-9] INFO  com.cryptorate.service.RateService - 查询历史汇率，币种: BTC, 开始: 2026-02-18, 结束: 2026-02-25
2026-02-25 05:01:45.798 [http-nio-8080-exec-4] INFO  com.cryptorate.service.StatsService - 获取统计摘要，币种: BTC, 范围: 7d
2026-02-25 05:01:45.798 [http-nio-8080-exec-10] INFO  com.cryptorate.service.RateService - 获取最新实时汇率，筛选币种: null
2026-02-25 05:01:45.808 [http-nio-8080-exec-1] INFO  com.zaxxer.hikari.HikariDataSource - CryptoRateHikariPool - Starting...
2026-02-25 05:01:46.070 [http-nio-8080-exec-1] INFO  com.zaxxer.hikari.pool.HikariPool - CryptoRateHikariPool - Added connection com.mysql.cj.jdbc.ConnectionImpl@15958d56
2026-02-25 05:01:46.071 [http-nio-8080-exec-1] INFO  com.zaxxer.hikari.HikariDataSource - CryptoRateHikariPool - Start completed.
2026-02-25 05:01:46.176 [http-nio-8080-exec-1] INFO  com.cryptorate.service.RateService - 共支持 388 个币种
2026-02-25 05:01:46.241 [http-nio-8080-exec-6] INFO  com.cryptorate.controller.RateController - 接收到获取币种列表请求
2026-02-25 05:01:46.241 [http-nio-8080-exec-6] INFO  com.cryptorate.service.RateService - 获取系统支持的币种
2026-02-25 05:01:46.244 [http-nio-8080-exec-5] INFO  com.cryptorate.controller.StatsController - 接收到获取统计摘要请求，币种: BTC, 范围: 7d
2026-02-25 05:01:46.244 [http-nio-8080-exec-3] INFO  com.cryptorate.controller.RateController - 接收到查询历史汇率请求，币种: BTC, 时间范围: 2026-02-18 - 2026-02-25
2026-02-25 05:01:46.246 [http-nio-8080-exec-5] INFO  com.cryptorate.service.StatsService - 获取统计摘要，币种: BTC, 范围: 7d
2026-02-25 05:01:46.246 [http-nio-8080-exec-3] INFO  com.cryptorate.service.RateService - 查询历史汇率，币种: BTC, 开始: 2026-02-18, 结束: 2026-02-25
2026-02-25 05:01:46.248 [http-nio-8080-exec-2] INFO  com.cryptorate.controller.RateController - 接收到获取最新汇率请求，筛选币种: null
2026-02-25 05:01:46.248 [http-nio-8080-exec-6] INFO  com.cryptorate.service.RateService - 共支持 388 个币种
2026-02-25 05:01:46.249 [http-nio-8080-exec-2] INFO  com.cryptorate.service.RateService - 获取最新实时汇率，筛选币种: null
2026-02-25 05:01:51.479 [http-nio-8080-exec-5] INFO  com.cryptorate.controller.RateController - 接收到获取币种列表请求
2026-02-25 05:01:51.479 [http-nio-8080-exec-5] INFO  com.cryptorate.service.RateService - 获取系统支持的币种
2026-02-25 05:01:51.479 [http-nio-8080-exec-2] INFO  com.cryptorate.controller.RateController - 接收到获取最新汇率请求，筛选币种: null
2026-02-25 05:01:51.480 [http-nio-8080-exec-2] INFO  com.cryptorate.service.RateService - 获取最新实时汇率，筛选币种: null
2026-02-25 05:01:51.482 [http-nio-8080-exec-8] INFO  com.cryptorate.controller.StatsController - 接收到获取统计摘要请求，币种: BTC, 范围: 7d
2026-02-25 05:01:51.482 [http-nio-8080-exec-7] INFO  com.cryptorate.controller.RateController - 接收到查询历史汇率请求，币种: BTC, 时间范围: 2026-02-18 - 2026-02-25
2026-02-25 05:01:51.482 [http-nio-8080-exec-8] INFO  com.cryptorate.service.StatsService - 获取统计摘要，币种: BTC, 范围: 7d
2026-02-25 05:01:51.482 [http-nio-8080-exec-7] INFO  com.cryptorate.service.RateService - 查询历史汇率，币种: BTC, 开始: 2026-02-18, 结束: 2026-02-25
2026-02-25 05:01:51.485 [http-nio-8080-exec-5] INFO  com.cryptorate.service.RateService - 共支持 388 个币种
2026-02-25 05:01:51.488 [http-nio-8080-exec-1] INFO  com.cryptorate.controller.RateController - 接收到查询历史汇率请求，币种: BTC, 时间范围: 2026-02-18 - 2026-02-25
2026-02-25 05:01:51.488 [http-nio-8080-exec-1] INFO  com.cryptorate.service.RateService - 查询历史汇率，币种: BTC, 开始: 2026-02-18, 结束: 2026-02-25
2026-02-25 05:01:51.489 [http-nio-8080-exec-9] INFO  com.cryptorate.controller.RateController - 接收到获取币种列表请求
2026-02-25 05:01:51.489 [http-nio-8080-exec-9] INFO  com.cryptorate.service.RateService - 获取系统支持的币种
2026-02-25 05:01:51.494 [http-nio-8080-exec-10] INFO  com.cryptorate.controller.StatsController - 接收到获取统计摘要请求，币种: BTC, 范围: 7d
2026-02-25 05:01:51.495 [http-nio-8080-exec-10] INFO  com.cryptorate.service.StatsService - 获取统计摘要，币种: BTC, 范围: 7d
2026-02-25 05:01:51.495 [http-nio-8080-exec-9] INFO  com.cryptorate.service.RateService - 共支持 388 个币种
2026-02-25 05:01:51.513 [http-nio-8080-exec-4] INFO  com.cryptorate.controller.RateController - 接收到获取最新汇率请求，筛选币种: null
2026-02-25 05:01:51.513 [http-nio-8080-exec-4] INFO  com.cryptorate.service.RateService - 获取最新实时汇率，筛选币种: null
2026-02-25 05:01:51.958 [scheduling-1] DEBUG com.cryptorate.scheduler.RateScheduler - [定时任务] scheduler.enabled=false，本次定时同步已跳过
2026-02-25 05:01:55.658 [http-nio-8080-exec-6] INFO  com.cryptorate.controller.RateController - 接收到搜索币种请求，关键词: B
2026-02-25 05:01:55.658 [http-nio-8080-exec-6] INFO  com.cryptorate.service.RateService - 搜索币种，关键词: B
2026-02-25 05:01:55.664 [http-nio-8080-exec-6] INFO  com.cryptorate.service.RateService - 搜索到 50 个匹配币种
2026-02-25 05:01:56.258 [http-nio-8080-exec-5] INFO  com.cryptorate.controller.RateController - 接收到搜索币种请求，关键词: BT
2026-02-25 05:01:56.259 [http-nio-8080-exec-5] INFO  com.cryptorate.service.RateService - 搜索币种，关键词: BT
2026-02-25 05:01:56.262 [http-nio-8080-exec-5] INFO  com.cryptorate.service.RateService - 搜索到 16 个匹配币种
2026-02-25 05:01:56.588 [http-nio-8080-exec-1] INFO  com.cryptorate.controller.RateController - 接收到搜索币种请求，关键词: BTC
2026-02-25 05:01:56.589 [http-nio-8080-exec-1] INFO  com.cryptorate.service.RateService - 搜索币种，关键词: BTC
2026-02-25 05:01:56.593 [http-nio-8080-exec-1] INFO  com.cryptorate.service.RateService - 搜索到 4 个匹配币种
2026-02-25 05:01:59.561 [http-nio-8080-exec-9] INFO  com.cryptorate.controller.RateController - 接收到获取最新汇率请求，筛选币种: null
2026-02-25 05:01:59.561 [http-nio-8080-exec-9] INFO  com.cryptorate.service.RateService - 获取最新实时汇率，筛选币种: null
2026-02-25 05:01:59.566 [http-nio-8080-exec-3] INFO  com.cryptorate.controller.StatsController - 接收到获取统计摘要请求，币种: BTCA, 范围: 7d
2026-02-25 05:01:59.566 [http-nio-8080-exec-4] INFO  com.cryptorate.controller.RateController - 接收到查询历史汇率请求，币种: BTCA, 时间范围: 2026-02-18 - 2026-02-25
2026-02-25 05:01:59.568 [http-nio-8080-exec-3] INFO  com.cryptorate.service.StatsService - 获取统计摘要，币种: BTCA, 范围: 7d
2026-02-25 05:01:59.568 [http-nio-8080-exec-4] INFO  com.cryptorate.service.RateService - 查询历史汇率，币种: BTCA, 开始: 2026-02-18, 结束: 2026-02-25
2026-02-25 05:02:00.391 [http-nio-8080-exec-6] INFO  com.cryptorate.controller.RateController - 接收到获取最新汇率请求，筛选币种: null
2026-02-25 05:02:00.392 [http-nio-8080-exec-6] INFO  com.cryptorate.service.RateService - 获取最新实时汇率，筛选币种: null
2026-02-25 05:02:00.397 [http-nio-8080-exec-1] INFO  com.cryptorate.controller.RateController - 接收到查询历史汇率请求，币种: BTCS, 时间范围: 2026-02-18 - 2026-02-25
2026-02-25 05:02:00.397 [http-nio-8080-exec-8] INFO  com.cryptorate.controller.StatsController - 接收到获取统计摘要请求，币种: BTCS, 范围: 7d
2026-02-25 05:02:00.397 [http-nio-8080-exec-1] INFO  com.cryptorate.service.RateService - 查询历史汇率，币种: BTCS, 开始: 2026-02-18, 结束: 2026-02-25
2026-02-25 05:02:00.397 [http-nio-8080-exec-8] INFO  com.cryptorate.service.StatsService - 获取统计摘要，币种: BTCS, 范围: 7d
2026-02-25 05:02:00.811 [http-nio-8080-exec-10] INFO  com.cryptorate.controller.RateController - 接收到获取最新汇率请求，筛选币种: null
2026-02-25 05:02:00.811 [http-nio-8080-exec-10] INFO  com.cryptorate.service.RateService - 获取最新实时汇率，筛选币种: null
2026-02-25 05:02:00.816 [http-nio-8080-exec-3] INFO  com.cryptorate.controller.RateController - 接收到查询历史汇率请求，币种: BTCZ, 时间范围: 2026-02-18 - 2026-02-25
2026-02-25 05:02:00.816 [http-nio-8080-exec-9] INFO  com.cryptorate.controller.StatsController - 接收到获取统计摘要请求，币种: BTCZ, 范围: 7d
2026-02-25 05:02:00.816 [http-nio-8080-exec-3] INFO  com.cryptorate.service.RateService - 查询历史汇率，币种: BTCZ, 开始: 2026-02-18, 结束: 2026-02-25
2026-02-25 05:02:00.816 [http-nio-8080-exec-9] INFO  com.cryptorate.service.StatsService - 获取统计摘要，币种: BTCZ, 范围: 7d
2026-02-25 05:02:01.751 [http-nio-8080-exec-1] INFO  com.cryptorate.controller.StatsController - 接收到获取统计摘要请求，币种: BTC, 范围: 7d
2026-02-25 05:02:01.751 [http-nio-8080-exec-5] INFO  com.cryptorate.controller.RateController - 接收到获取最新汇率请求，筛选币种: null
2026-02-25 05:02:01.751 [http-nio-8080-exec-7] INFO  com.cryptorate.controller.RateController - 接收到查询历史汇率请求，币种: BTC, 时间范围: 2026-02-18 - 2026-02-25
2026-02-25 05:02:01.751 [http-nio-8080-exec-5] INFO  com.cryptorate.service.RateService - 获取最新实时汇率，筛选币种: null
2026-02-25 05:02:01.751 [http-nio-8080-exec-1] INFO  com.cryptorate.service.StatsService - 获取统计摘要，币种: BTC, 范围: 7d
2026-02-25 05:02:01.751 [http-nio-8080-exec-7] INFO  com.cryptorate.service.RateService - 查询历史汇率，币种: BTC, 开始: 2026-02-18, 结束: 2026-02-25
2026-02-25 05:02:21.484 [http-nio-8080-exec-8] INFO  com.cryptorate.controller.RateController - 接收到获取最新汇率请求，筛选币种: null
2026-02-25 05:02:21.484 [http-nio-8080-exec-8] INFO  com.cryptorate.service.RateService - 获取最新实时汇率，筛选币种: null
2026-02-25 05:02:32.082 [http-nio-8080-exec-6] INFO  com.cryptorate.controller.RateController - 接收到获取最新汇率请求，筛选币种: null
2026-02-25 05:02:32.082 [http-nio-8080-exec-6] INFO  com.cryptorate.service.RateService - 获取最新实时汇率，筛选币种: null
2026-02-25 05:02:51.479 [http-nio-8080-exec-9] INFO  com.cryptorate.controller.RateController - 接收到获取最新汇率请求，筛选币种: null
2026-02-25 05:02:51.479 [http-nio-8080-exec-9] INFO  com.cryptorate.service.RateService - 获取最新实时汇率，筛选币种: null
2026-02-25 05:03:02.094 [http-nio-8080-exec-6] INFO  com.cryptorate.controller.RateController - 接收到获取最新汇率请求，筛选币种: null
2026-02-25 05:03:02.094 [http-nio-8080-exec-6] INFO  com.cryptorate.service.RateService - 获取最新实时汇率，筛选币种: null
2026-02-25 05:03:21.477 [http-nio-8080-exec-2] INFO  com.cryptorate.controller.RateController - 接收到获取最新汇率请求，筛选币种: null
2026-02-25 05:03:21.477 [http-nio-8080-exec-2] INFO  com.cryptorate.service.RateService - 获取最新实时汇率，筛选币种: null
2026-02-25 05:03:32.086 [http-nio-8080-exec-9] INFO  com.cryptorate.controller.RateController - 接收到获取最新汇率请求，筛选币种: null
2026-02-25 05:03:32.087 [http-nio-8080-exec-9] INFO  com.cryptorate.service.RateService - 获取最新实时汇率，筛选币种: null
2026-02-25 05:03:51.482 [http-nio-8080-exec-5] INFO  com.cryptorate.controller.RateController - 接收到获取最新汇率请求，筛选币种: null
2026-02-25 05:03:51.482 [http-nio-8080-exec-5] INFO  com.cryptorate.service.RateService - 获取最新实时汇率，筛选币种: null
2026-02-25 05:04:21.475 [http-nio-8080-exec-7] INFO  com.cryptorate.controller.RateController - 接收到获取最新汇率请求，筛选币种: null
2026-02-25 05:04:21.475 [http-nio-8080-exec-7] INFO  com.cryptorate.service.RateService - 获取最新实时汇率，筛选币种: null
2026-02-25 05:04:44.959 [SpringApplicationShutdownHook] INFO  com.zaxxer.hikari.HikariDataSource - CryptoRateHikariPool - Shutdown initiated...
2026-02-25 05:04:44.965 [SpringApplicationShutdownHook] INFO  com.zaxxer.hikari.HikariDataSource - CryptoRateHikariPool - Shutdown completed.
2026-02-25 05:04:48.858 [main] INFO  com.cryptorate.CryptoRateApplication - Starting CryptoRateApplication using Java 17.0.10 with PID 24440 (C:\Users\ASUS\Desktop\毕业设计\CryptoRate\target\classes started by ASUS in C:\Users\ASUS\Desktop\毕业设计\CryptoRate)
2026-02-25 05:04:48.860 [main] DEBUG com.cryptorate.CryptoRateApplication - Running with Spring Boot v3.2.2, Spring v6.1.3
2026-02-25 05:04:48.860 [main] INFO  com.cryptorate.CryptoRateApplication - No active profile set, falling back to 1 default profile: "default"
2026-02-25 05:04:49.745 [main] INFO  o.s.boot.web.embedded.tomcat.TomcatWebServer - Tomcat initialized with port 8080 (http)
2026-02-25 05:04:49.757 [main] INFO  org.apache.catalina.core.StandardService - Starting service [Tomcat]
2026-02-25 05:04:49.757 [main] INFO  org.apache.catalina.core.StandardEngine - Starting Servlet engine: [Apache Tomcat/10.1.18]
2026-02-25 05:04:49.809 [main] INFO  o.a.c.core.ContainerBase.[Tomcat].[localhost].[/] - Initializing Spring embedded WebApplicationContext
2026-02-25 05:04:49.810 [main] INFO  o.s.b.w.s.c.ServletWebServerApplicationContext - Root WebApplicationContext: initialization completed in 909 ms
2026-02-25 05:04:50.595 [main] INFO  o.s.boot.web.embedded.tomcat.TomcatWebServer - Tomcat started on port 8080 (http) with context path ''
2026-02-25 05:04:50.603 [main] INFO  com.cryptorate.CryptoRateApplication - Started CryptoRateApplication in 2.152 seconds (process running for 2.744)
2026-02-25 05:04:51.529 [http-nio-8080-exec-1] INFO  o.a.c.core.ContainerBase.[Tomcat].[localhost].[/] - Initializing Spring DispatcherServlet 'dispatcherServlet'
2026-02-25 05:04:51.529 [http-nio-8080-exec-1] INFO  org.springframework.web.servlet.DispatcherServlet - Initializing Servlet 'dispatcherServlet'
2026-02-25 05:04:51.529 [http-nio-8080-exec-1] INFO  org.springframework.web.servlet.DispatcherServlet - Completed initialization in 0 ms
2026-02-25 05:04:51.561 [http-nio-8080-exec-1] INFO  com.cryptorate.controller.RateController - 接收到获取最新汇率请求，筛选币种: null
2026-02-25 05:04:51.563 [http-nio-8080-exec-1] INFO  com.cryptorate.service.RateService - 获取最新实时汇率，筛选币种: null
2026-02-25 05:04:51.575 [http-nio-8080-exec-1] INFO  com.zaxxer.hikari.HikariDataSource - CryptoRateHikariPool - Starting...
2026-02-25 05:04:51.700 [http-nio-8080-exec-1] INFO  com.zaxxer.hikari.pool.HikariPool - CryptoRateHikariPool - Added connection com.mysql.cj.jdbc.ConnectionImpl@2d70ffb7
2026-02-25 05:04:51.702 [http-nio-8080-exec-1] INFO  com.zaxxer.hikari.HikariDataSource - CryptoRateHikariPool - Start completed.
2026-02-25 05:05:00.424 [http-nio-8080-exec-3] INFO  com.cryptorate.controller.RateController - 接收到获取币种列表请求
2026-02-25 05:05:00.424 [http-nio-8080-exec-2] INFO  com.cryptorate.controller.RateController - 接收到获取最新汇率请求，筛选币种: null
2026-02-25 05:05:00.424 [http-nio-8080-exec-3] INFO  com.cryptorate.service.RateService - 获取系统支持的币种
2026-02-25 05:05:00.424 [http-nio-8080-exec-2] INFO  com.cryptorate.service.RateService - 获取最新实时汇率，筛选币种: null
2026-02-25 05:05:00.425 [http-nio-8080-exec-4] INFO  com.cryptorate.controller.RateController - 接收到查询历史汇率请求，币种: BTC, 时间范围: 2026-02-18 - 2026-02-25
2026-02-25 05:05:00.425 [http-nio-8080-exec-4] INFO  com.cryptorate.service.RateService - 查询历史汇率，币种: BTC, 开始: 2026-02-18, 结束: 2026-02-25
2026-02-25 05:05:00.428 [http-nio-8080-exec-5] INFO  com.cryptorate.controller.StatsController - 接收到获取统计摘要请求，币种: BTC, 范围: 7d
2026-02-25 05:05:00.428 [http-nio-8080-exec-5] INFO  com.cryptorate.service.StatsService - 获取统计摘要，币种: BTC, 范围: 7d
2026-02-25 05:05:00.434 [http-nio-8080-exec-3] INFO  com.cryptorate.service.RateService - 共支持 388 个币种
2026-02-25 05:05:00.440 [http-nio-8080-exec-6] INFO  com.cryptorate.controller.RateController - 接收到获取币种列表请求
2026-02-25 05:05:00.442 [http-nio-8080-exec-6] INFO  com.cryptorate.service.RateService - 获取系统支持的币种
2026-02-25 05:05:00.445 [http-nio-8080-exec-7] INFO  com.cryptorate.controller.RateController - 接收到查询历史汇率请求，币种: BTC, 时间范围: 2026-02-18 - 2026-02-25
2026-02-25 05:05:00.445 [http-nio-8080-exec-7] INFO  com.cryptorate.service.RateService - 查询历史汇率，币种: BTC, 开始: 2026-02-18, 结束: 2026-02-25
2026-02-25 05:05:00.448 [http-nio-8080-exec-6] INFO  com.cryptorate.service.RateService - 共支持 388 个币种
2026-02-25 05:05:00.451 [http-nio-8080-exec-8] INFO  com.cryptorate.controller.StatsController - 接收到获取统计摘要请求，币种: BTC, 范围: 7d
2026-02-25 05:05:00.451 [http-nio-8080-exec-8] INFO  com.cryptorate.service.StatsService - 获取统计摘要，币种: BTC, 范围: 7d
2026-02-25 05:05:00.462 [http-nio-8080-exec-9] INFO  com.cryptorate.controller.RateController - 接收到获取最新汇率请求，筛选币种: null
2026-02-25 05:05:00.462 [http-nio-8080-exec-9] INFO  com.cryptorate.service.RateService - 获取最新实时汇率，筛选币种: null
2026-02-25 05:05:02.165 [http-nio-8080-exec-10] INFO  com.cryptorate.controller.RateController - 接收到获取最新汇率请求，筛选币种: null
2026-02-25 05:05:02.165 [http-nio-8080-exec-10] INFO  com.cryptorate.service.RateService - 获取最新实时汇率，筛选币种: null
2026-02-25 05:05:02.172 [http-nio-8080-exec-4] INFO  com.cryptorate.controller.StatsController - 接收到获取统计摘要请求，币种: 611, 范围: 7d
2026-02-25 05:05:02.172 [http-nio-8080-exec-5] INFO  com.cryptorate.controller.RateController - 接收到查询历史汇率请求，币种: 611, 时间范围: 2026-02-18 - 2026-02-25
2026-02-25 05:05:02.173 [http-nio-8080-exec-4] INFO  com.cryptorate.service.StatsService - 获取统计摘要，币种: 611, 范围: 7d
2026-02-25 05:05:02.173 [http-nio-8080-exec-5] INFO  com.cryptorate.service.RateService - 查询历史汇率，币种: 611, 开始: 2026-02-18, 结束: 2026-02-25
2026-02-25 05:05:02.520 [http-nio-8080-exec-7] INFO  com.cryptorate.controller.RateController - 接收到获取最新汇率请求，筛选币种: null
2026-02-25 05:05:02.520 [http-nio-8080-exec-7] INFO  com.cryptorate.service.RateService - 获取最新实时汇率，筛选币种: null
2026-02-25 05:05:02.525 [http-nio-8080-exec-8] INFO  com.cryptorate.controller.StatsController - 接收到获取统计摘要请求，币种: ABC, 范围: 7d
2026-02-25 05:05:02.525 [http-nio-8080-exec-9] INFO  com.cryptorate.controller.RateController - 接收到查询历史汇率请求，币种: ABC, 时间范围: 2026-02-18 - 2026-02-25
2026-02-25 05:05:02.525 [http-nio-8080-exec-8] INFO  com.cryptorate.service.StatsService - 获取统计摘要，币种: ABC, 范围: 7d
2026-02-25 05:05:02.525 [http-nio-8080-exec-9] INFO  com.cryptorate.service.RateService - 查询历史汇率，币种: ABC, 开始: 2026-02-18, 结束: 2026-02-25
2026-02-25 05:05:02.843 [http-nio-8080-exec-1] INFO  com.cryptorate.controller.RateController - 接收到获取最新汇率请求，筛选币种: null
2026-02-25 05:05:02.843 [http-nio-8080-exec-1] INFO  com.cryptorate.service.RateService - 获取最新实时汇率，筛选币种: null
2026-02-25 05:05:02.850 [http-nio-8080-exec-4] INFO  com.cryptorate.controller.StatsController - 接收到获取统计摘要请求，币种: ACP, 范围: 7d
2026-02-25 05:05:02.851 [http-nio-8080-exec-10] INFO  com.cryptorate.controller.RateController - 接收到查询历史汇率请求，币种: ACP, 时间范围: 2026-02-18 - 2026-02-25
2026-02-25 05:05:02.851 [http-nio-8080-exec-4] INFO  com.cryptorate.service.StatsService - 获取统计摘要，币种: ACP, 范围: 7d
2026-02-25 05:05:02.851 [http-nio-8080-exec-10] INFO  com.cryptorate.service.RateService - 查询历史汇率，币种: ACP, 开始: 2026-02-18, 结束: 2026-02-25
2026-02-25 05:05:14.166 [http-nio-8080-exec-2] INFO  com.cryptorate.controller.UserController - 接收到用户登录请求，用户名: admin
2026-02-25 05:05:14.166 [http-nio-8080-exec-2] INFO  com.cryptorate.service.UserService - 用户登录，用户名: admin
2026-02-25 05:05:14.187 [http-nio-8080-exec-2] INFO  com.cryptorate.service.UserService - 用户登录成功，用户ID: 1
2026-02-25 05:05:20.609 [scheduling-1] DEBUG com.cryptorate.scheduler.RateScheduler - [定时任务] scheduler.enabled=false，本次定时同步已跳过
2026-02-25 05:05:21.477 [http-nio-8080-exec-9] INFO  com.cryptorate.controller.RateController - 接收到获取最新汇率请求，筛选币种: null
2026-02-25 05:05:21.477 [http-nio-8080-exec-9] INFO  com.cryptorate.service.RateService - 获取最新实时汇率，筛选币种: null
2026-02-25 05:05:26.778 [http-nio-8080-exec-7] INFO  com.cryptorate.controller.AnalysisController - 接收到生成行情解读请求，币种: ACP
2026-02-25 05:05:26.778 [http-nio-8080-exec-7] INFO  com.cryptorate.service.AnalysisService - 生成行情解读，币种: ACP
2026-02-25 05:05:30.098 [http-nio-8080-exec-6] INFO  com.cryptorate.controller.StatsController - 接收到获取统计摘要请求，币种: BTC, 范围: 7d
2026-02-25 05:05:30.098 [http-nio-8080-exec-1] INFO  com.cryptorate.controller.RateController - 接收到获取最新汇率请求，筛选币种: null
2026-02-25 05:05:30.098 [http-nio-8080-exec-4] INFO  com.cryptorate.controller.RateController - 接收到查询历史汇率请求，币种: BTC, 时间范围: 2026-02-18 - 2026-02-25
2026-02-25 05:05:30.098 [http-nio-8080-exec-6] INFO  com.cryptorate.service.StatsService - 获取统计摘要，币种: BTC, 范围: 7d
2026-02-25 05:05:30.098 [http-nio-8080-exec-1] INFO  com.cryptorate.service.RateService - 获取最新实时汇率，筛选币种: null
2026-02-25 05:05:30.098 [http-nio-8080-exec-4] INFO  com.cryptorate.service.RateService - 查询历史汇率，币种: BTC, 开始: 2026-02-18, 结束: 2026-02-25
2026-02-25 05:05:51.483 [http-nio-8080-exec-2] INFO  com.cryptorate.controller.RateController - 接收到获取最新汇率请求，筛选币种: null
2026-02-25 05:05:51.483 [http-nio-8080-exec-2] INFO  com.cryptorate.service.RateService - 获取最新实时汇率，筛选币种: null
2026-02-25 05:05:53.421 [SpringApplicationShutdownHook] INFO  com.zaxxer.hikari.HikariDataSource - CryptoRateHikariPool - Shutdown initiated...
2026-02-25 05:05:53.425 [SpringApplicationShutdownHook] INFO  com.zaxxer.hikari.HikariDataSource - CryptoRateHikariPool - Shutdown completed.
